#
# There is insufficient memory for the Java Runtime Environment to continue.
# Native memory allocation (malloc) failed to allocate 257808 bytes for Chunk::new
# Possible reasons:
#   The system is out of physical RAM or swap space
#   In 32 bit mode, the process size limit was hit
# Possible solutions:
#   Reduce memory load on the system
#   Increase physical memory or swap space
#   Check if swap backing store is full
#   Use 64 bit Java on a 64 bit OS
#   Decrease Java heap size (-Xmx/-Xms)
#   Decrease number of Java threads
#   Decrease Java thread stack sizes (-Xss)
#   Set larger code cache with -XX:ReservedCodeCacheSize=
# This output file may be truncated or incomplete.
#
#  Out of Memory Error (allocation.cpp:390), pid=152152, tid=0x00000000000258f0
#
# JRE version: Java(TM) SE Runtime Environment (8.0_151-b12) (build 1.8.0_151-b12)
# Java VM: Java HotSpot(TM) 64-Bit Server VM (25.151-b12 mixed mode windows-amd64 compressed oops)
# Failed to write core dump. Minidumps are not enabled by default on client versions of Windows
#

---------------  T H R E A D  ---------------

Current thread (0x0000000021213000):  JavaThread "C2 CompilerThread2" daemon [_thread_in_native, id=153840, stack(0x0000000021950000,0x0000000021a50000)]

Stack: [0x0000000021950000,0x0000000021a50000]
[error occurred during error reporting (printing stack bounds), id 0xc0000005]

Native frames: (J=compiled Java code, j=interpreted, Vv=VM code, C=native code)


Current CompileTask:
C2:    479   27       4       java.io.WinNTFileSystem::normalize (143 bytes)


---------------  P R O C E S S  ---------------

Java Threads: ( => current thread )
  0x00000000212f7800 JavaThread "Service Thread" daemon [_thread_blocked, id=152964, stack(0x0000000021b50000,0x0000000021c50000)]
  0x0000000021213800 JavaThread "C1 CompilerThread3" daemon [_thread_in_native, id=151192, stack(0x0000000021a50000,0x0000000021b50000)]
=>0x0000000021213000 JavaThread "C2 CompilerThread2" daemon [_thread_in_native, id=153840, stack(0x0000000021950000,0x0000000021a50000)]
  0x000000002120f000 JavaThread "C2 CompilerThread1" daemon [_thread_in_native, id=148464, stack(0x0000000021850000,0x0000000021950000)]
  0x000000002118f800 JavaThread "C2 CompilerThread0" daemon [_thread_blocked, id=152644, stack(0x0000000021750000,0x0000000021850000)]
  0x0000000021183800 JavaThread "Monitor Ctrl-Break" daemon [_thread_in_native, id=153644, stack(0x0000000021650000,0x0000000021750000)]
  0x0000000020788000 JavaThread "Attach Listener" daemon [_thread_blocked, id=145284, stack(0x0000000020d50000,0x0000000020e50000)]
  0x0000000020736000 JavaThread "Signal Dispatcher" daemon [_thread_blocked, id=154308, stack(0x0000000020c50000,0x0000000020d50000)]
  0x000000001e816000 JavaThread "Finalizer" daemon [_thread_blocked, id=143568, stack(0x0000000020af0000,0x0000000020bf0000)]
  0x000000001e80f000 JavaThread "Reference Handler" daemon [_thread_blocked, id=153208, stack(0x00000000205f0000,0x00000000206f0000)]
  0x0000000004b13800 JavaThread "main" [_thread_in_Java, id=152364, stack(0x00000000049f0000,0x0000000004af0000)]

Other Threads:
  0x0000000004c0e800 VMThread [stack: 0x00000000204f0000,0x00000000205f0000] [id=152328]
  0x000000002138c000 WatcherThread [stack: 0x0000000021c50000,0x0000000021d50000] [id=139880]

VM state:not at safepoint (normal execution)

VM Mutex/Monitor currently owned by a thread: None

Heap:
 PSYoungGen      total 75776K, used 9841K [0x000000076b600000, 0x0000000770a80000, 0x00000007c0000000)
  eden space 65024K, 15% used [0x000000076b600000,0x000000076bf9c590,0x000000076f580000)
  from space 10752K, 0% used [0x0000000770000000,0x0000000770000000,0x0000000770a80000)
  to   space 10752K, 0% used [0x000000076f580000,0x000000076f580000,0x0000000770000000)
 ParOldGen       total 173568K, used 0K [0x00000006c2200000, 0x00000006ccb80000, 0x000000076b600000)
  object space 173568K, 0% used [0x00000006c2200000,0x00000006c2200000,0x00000006ccb80000)
 Metaspace       used 3748K, capacity 4660K, committed 4864K, reserved 1056768K
  class space    used 394K, capacity 424K, committed 512K, reserved 1048576K

Card table byte_map: [0x00000000141b0000,0x00000000149a0000] byte_map_base: 0x0000000010b9f000

Marking Bits: (ParMarkBitMap*) 0x000000006bc0d850
 Begin Bits: [0x00000000156f0000, 0x0000000019668000)
 End Bits:   [0x0000000019668000, 0x000000001d5e0000)

Polling page: 0x0000000004af0000

CodeCache: size=245760Kb used=1352Kb max_used=1352Kb free=244407Kb
 bounds [0x0000000004df0000, 0x0000000005060000, 0x0000000013df0000]
 total_blobs=387 nmethods=128 adapters=171
 compilation: enabled

Compilation events (10 events):
Event: 0.470 Thread 0x0000000021213800  101       1       sun.util.locale.BaseLocale::getLanguage (5 bytes)
Event: 0.470 Thread 0x0000000021213800 nmethod 101 0x0000000004f36090 code [0x0000000004f361e0, 0x0000000004f362f0]
Event: 0.470 Thread 0x0000000021213800  100       3       java.util.Locale::getLanguage (8 bytes)
Event: 0.471 Thread 0x0000000021213800 nmethod 100 0x0000000004f36350 code [0x0000000004f364a0, 0x0000000004f36690]
Event: 0.471 Thread 0x0000000021213800  109       3       java.lang.StringBuilder::toString (17 bytes)
Event: 0.472 Thread 0x0000000021213800 nmethod 109 0x0000000004f36750 code [0x0000000004f368c0, 0x0000000004f36ac8]
Event: 0.472 Thread 0x0000000021213800  110       3       java.util.zip.ZStreamRef::address (5 bytes)
Event: 0.472 Thread 0x0000000021213800 nmethod 110 0x0000000004f36b90 code [0x0000000004f36ce0, 0x0000000004f36e30]
Event: 0.473 Thread 0x0000000021213800  113       1       java.net.URL::getQuery (5 bytes)
Event: 0.473 Thread 0x0000000021213800 nmethod 113 0x0000000004f37610 code [0x0000000004f37760, 0x0000000004f37870]

GC Heap History (0 events):
No events

Deoptimization events (0 events):
No events

Internal exceptions (2 events):
Event: 0.070 Thread 0x0000000004b13800 Exception <a 'java/lang/NoSuchMethodError': Method sun.misc.Unsafe.defineClass(Ljava/lang/String;[BII)Ljava/lang/Class; name or signature does not match> (0x000000076b607ca8) thrown at [C:\re\workspace\8-2-build-windows-amd64-cygwin\jdk8u151\9699\hotspot\
Event: 0.070 Thread 0x0000000004b13800 Exception <a 'java/lang/NoSuchMethodError': Method sun.misc.Unsafe.prefetchRead(Ljava/lang/Object;J)V name or signature does not match> (0x000000076b607f90) thrown at [C:\re\workspace\8-2-build-windows-amd64-cygwin\jdk8u151\9699\hotspot\src\share\vm\prims

Events (10 events):
Event: 0.465 loading class org/web3j/protocol/Service
Event: 0.465 loading class org/web3j/protocol/Service done
Event: 0.466 loading class java/lang/UnsupportedOperationException
Event: 0.466 loading class java/lang/UnsupportedOperationException done
Event: 0.466 loading class okhttp3/Interceptor
Event: 0.466 loading class okhttp3/Interceptor done
Event: 0.471 loading class org/web3j/protocol/exceptions/ClientConnectionException
Event: 0.471 loading class org/web3j/protocol/exceptions/ClientConnectionException done
Event: 0.473 loading class okhttp3/CipherSuite
Event: 0.473 loading class okhttp3/CipherSuite done


Dynamic libraries:
0x00007ff641eb0000 - 0x00007ff641ee7000 	C:\Program Files\Java\jdk1.8.0_151\bin\java.exe
0x00007ffd9f070000 - 0x00007ffd9f250000 	C:\windows\SYSTEM32\ntdll.dll
0x00007ffd9e870000 - 0x00007ffd9e91e000 	C:\windows\System32\KERNEL32.DLL
0x00007ffd9be30000 - 0x00007ffd9c096000 	C:\windows\System32\KERNELBASE.dll
0x00007ffd9e980000 - 0x00007ffd9ea21000 	C:\windows\System32\ADVAPI32.dll
0x00007ffd9cec0000 - 0x00007ffd9cf5d000 	C:\windows\System32\msvcrt.dll
0x00007ffd9ecb0000 - 0x00007ffd9ed0b000 	C:\windows\System32\sechost.dll
0x00007ffd9ed40000 - 0x00007ffd9ee5f000 	C:\windows\System32\RPCRT4.dll
0x00007ffd9ee60000 - 0x00007ffd9efee000 	C:\windows\System32\USER32.dll
0x00007ffd9b5e0000 - 0x00007ffd9b600000 	C:\windows\System32\win32u.dll
0x00007ffd9ed10000 - 0x00007ffd9ed38000 	C:\windows\System32\GDI32.dll
0x00007ffd9b440000 - 0x00007ffd9b5d1000 	C:\windows\System32\gdi32full.dll
0x00007ffd9c0f0000 - 0x00007ffd9c18b000 	C:\windows\System32\msvcp_win.dll
0x00007ffd9c240000 - 0x00007ffd9c336000 	C:\windows\System32\ucrtbase.dll
0x00007ffd8c880000 - 0x00007ffd8cae9000 	C:\windows\WinSxS\amd64_microsoft.windows.common-controls_6595b64144ccf1df_6.0.16299.15_none_cc92fb402215d91d\COMCTL32.dll
0x00007ffd9e3c0000 - 0x00007ffd9e6c8000 	C:\windows\System32\combase.dll
0x00007ffd9b600000 - 0x00007ffd9b672000 	C:\windows\System32\bcryptPrimitives.dll
0x00007ffd9c8f0000 - 0x00007ffd9c91d000 	C:\windows\System32\IMM32.DLL
0x000000006d3e0000 - 0x000000006d3ec000 	C:\Program Files (x86)\360\360Safe\safemon\SafeWrapper.dll
0x00007ffd92b00000 - 0x00007ffd92b92000 	C:\Program Files (x86)\360\360Safe\safemon\libzdtp64.dll
0x00007ffd9cf80000 - 0x00007ffd9e3b7000 	C:\windows\System32\SHELL32.dll
0x00007ffd9c0a0000 - 0x00007ffd9c0ea000 	C:\windows\System32\cfgmgr32.dll
0x00007ffd9c580000 - 0x00007ffd9c626000 	C:\windows\System32\shcore.dll
0x00007ffd9b680000 - 0x00007ffd9bdc7000 	C:\windows\System32\windows.storage.dll
0x00007ffd9c520000 - 0x00007ffd9c571000 	C:\windows\System32\shlwapi.dll
0x00007ffd9b400000 - 0x00007ffd9b411000 	C:\windows\System32\kernel.appcore.dll
0x00007ffd9b390000 - 0x00007ffd9b3dc000 	C:\windows\System32\powrprof.dll
0x00007ffd9b3e0000 - 0x00007ffd9b3fb000 	C:\windows\System32\profapi.dll
0x00007ffd9ae10000 - 0x00007ffd9ae1a000 	C:\windows\SYSTEM32\VERSION.dll
0x000000006bc90000 - 0x000000006bd62000 	C:\Program Files\Java\jdk1.8.0_151\jre\bin\msvcr100.dll
0x000000006b3f0000 - 0x000000006bc8d000 	C:\Program Files\Java\jdk1.8.0_151\jre\bin\server\jvm.dll
0x00007ffd9c510000 - 0x00007ffd9c518000 	C:\windows\System32\PSAPI.DLL
0x00007ffd8e300000 - 0x00007ffd8e309000 	C:\windows\SYSTEM32\WSOCK32.dll
0x00007ffd99750000 - 0x00007ffd99773000 	C:\windows\SYSTEM32\WINMM.dll
0x00007ffd9cd70000 - 0x00007ffd9cddc000 	C:\windows\System32\WS2_32.dll
0x00007ffd996a0000 - 0x00007ffd996ca000 	C:\windows\SYSTEM32\winmmbase.dll
0x000000006b3e0000 - 0x000000006b3ef000 	C:\Program Files\Java\jdk1.8.0_151\jre\bin\verify.dll
0x000000006b3b0000 - 0x000000006b3d9000 	C:\Program Files\Java\jdk1.8.0_151\jre\bin\java.dll
0x000000006b080000 - 0x000000006b0a3000 	C:\Program Files\Java\jdk1.8.0_151\jre\bin\instrument.dll
0x000000006b390000 - 0x000000006b3a6000 	C:\Program Files\Java\jdk1.8.0_151\jre\bin\zip.dll
0x00007ffd81f80000 - 0x00007ffd81f9a000 	E:\work\IntelliJ IDEA 2017.1.3\bin\breakgen64.dll
0x000000006b370000 - 0x000000006b38a000 	C:\Program Files\Java\jdk1.8.0_151\jre\bin\net.dll
0x00007ffd9ab30000 - 0x00007ffd9ab96000 	C:\windows\system32\mswsock.dll

VM Arguments:
jvm_args: -javaagent:E:\work\IntelliJ IDEA 2017.1.3\lib\idea_rt.jar=57172:E:\work\IntelliJ IDEA 2017.1.3\bin -Dfile.encoding=UTF-8 
java_command: com.gm.controller.ApiTestController
java_class_path (initial): C:\Program Files\Java\jdk1.8.0_151\jre\lib\charsets.jar;C:\Program Files\Java\jdk1.8.0_151\jre\lib\deploy.jar;C:\Program Files\Java\jdk1.8.0_151\jre\lib\ext\access-bridge-64.jar;C:\Program Files\Java\jdk1.8.0_151\jre\lib\ext\cldrdata.jar;C:\Program Files\Java\jdk1.8.0_151\jre\lib\ext\dnsns.jar;C:\Program Files\Java\jdk1.8.0_151\jre\lib\ext\jaccess.jar;C:\Program Files\Java\jdk1.8.0_151\jre\lib\ext\jfxrt.jar;C:\Program Files\Java\jdk1.8.0_151\jre\lib\ext\localedata.jar;C:\Program Files\Java\jdk1.8.0_151\jre\lib\ext\nashorn.jar;C:\Program Files\Java\jdk1.8.0_151\jre\lib\ext\sunec.jar;C:\Program Files\Java\jdk1.8.0_151\jre\lib\ext\sunjce_provider.jar;C:\Program Files\Java\jdk1.8.0_151\jre\lib\ext\sunmscapi.jar;C:\Program Files\Java\jdk1.8.0_151\jre\lib\ext\sunpkcs11.jar;C:\Program Files\Java\jdk1.8.0_151\jre\lib\ext\zipfs.jar;C:\Program Files\Java\jdk1.8.0_151\jre\lib\javaws.jar;C:\Program Files\Java\jdk1.8.0_151\jre\lib\jce.jar;C:\Program Files\Java\jdk1.8.0_151\jre\lib\jfr.jar;C:\Program Files\Java\jdk1.8.0_151\jre\lib\jfxswt.jar;C:\Program Files\Java\jdk1.8.0_151\jre\lib\jsse.jar;C:\Program Files\Java\jdk1.8.0_151\jre\lib\management-agent.jar;C:\Program Files\Java\jdk1.8.0_151\jre\lib\plugin.jar;C:\Program Files\Java\jdk1.8.0_151\jre\lib\resources.jar;C:\Program Files\Java\jdk1.8.0_151\jre\lib\rt.jar;E:\GenesisProject\gamemanager\gm-api\target\classes;E:\GenesisProject\gamemanager\gm-service\target\classes;E:\GenesisProject\gamemanager\gm-domain\target\classes;E:\GenesisProject\gamemanager\gm-common\target\classes;C:\Users\Administrator\.m2\repository\eu\bitwalker\UserAgentUtils\1.20\UserAgentUtils-1.20.jar;C:\Users\Administrator\.m2\repository\org\springframework\boot\spring-boot-starter-freemarker\2.1.8.RELEASE\spring-boot-starter-freemarker-2.1.8.RELEASE.jar;C:\Users\Administrator\.m2\repository\org\freemarker\freemarker\2.3.29\freemarker-2.3.29.jar;C:\Users\Administrator\.m2\repository\org\apache\shiro\shiro-core\1.4.0\shiro-core-1.4
Launcher Type: SUN_STANDARD

Environment Variables:
JAVA_HOME=C:\Program Files\Java\jdk1.7.0_80
CLASSPATH= .;C:\Program Files\Java\jdk1.7.0_80\lib;C:\Program Files\Java\jdk1.7.0_80\lib\tools.jar;D:\apache-tomcat-7.0.91\lib\servlet-api.jar;
PATH=C:\Program Files (x86)\NetSarang\Xshell 6\;C:\Program Files (x86)\NetSarang\Xftp 6\;D:\program files\;C:\windows\system32;C:\windows;C:\windows\System32\Wbem;C:\windows\System32\WindowsPowerShell\v1.0\;C:\Program Files\IDM Computer Solutions\UltraEdit;C:\Program Files (x86)\Lua\5.1;C:\Program Files (x86)\Lua\5.1\clibs;E:\Maven\apache-maven-3.6.0\bin;C:\Program Files\dotnet\;C:\Android;C:\Windows\System32;C:\Program Files (x86)\NetSarang\Xftp 7\;D:\program files\Microsoft VS Code\bin;C:\Users\Administrator\AppData\Local\Programs\Python\Python37-32\Scripts\;C:\Users\Administrator\AppData\Local\Programs\Python\Python37-32\;C:\Users\Administrator\AppData\Local\Microsoft\WindowsApps;E:\PyCharm 2019.1.3\bin;;D:\Fiddler;C:\Users\Administrator\AppData\Roaming\npm;C:\Users\Administrator\.dotnet\tools;C:\Users\Administrator\AppData\Local\GitHubDesktop\bin
USERNAME=Administrator
OS=Windows_NT
PROCESSOR_IDENTIFIER=Intel64 Family 6 Model 158 Stepping 9, GenuineIntel



---------------  S Y S T E M  ---------------

OS: Windows 10.0 , 64 bit Build 16299 (10.0.16299.15)

CPU:total 8 (initial active 8) (4 cores per cpu, 2 threads per core) family 6 model 158 stepping 9, cmov, cx8, fxsr, mmx, sse, sse2, sse3, ssse3, sse4.1, sse4.2, popcnt, avx, avx2, aes, clmul, erms, rtm, 3dnowpref, lzcnt, ht, tsc, tscinvbit, bmi1, bmi2, adx

Memory: 4k page, physical 16636164k(930940k free), swap 25024772k(7324k free)

vm_info: Java HotSpot(TM) 64-Bit Server VM (25.151-b12) for windows-amd64 JRE (1.8.0_151-b12), built on Sep  5 2017 19:33:46 by "java_re" with MS VC++ 10.0 (VS2010)

time: Fri Mar 18 19:48:41 2022
elapsed time: 0 seconds (0d 0h 0m 0s)

